<?xml version="1.0" encoding="UTF-8"?>
<!-- Generated by org.testng.reporters.JUnitReportReporter -->
<testsuite hostname="DESKTOP-DKAF2J0" failures="0" tests="1" name="TuUyen.TestClass" time="0.005" errors="0" timestamp="2023-10-29T15:22:32 ICT" skipped="0">
  <testcase classname="TuUyen.TestClass" name="foo" time="0.005"/>
  <system-out/>
</testsuite> <!-- TuUyen.TestClass -->
