<?xml version="1.0" encoding="UTF-8"?>
<!-- Generated by org.testng.reporters.JUnitReportReporter -->
<testsuite hostname="DESKTOP-DKAF2J0" failures="0" tests="8" name="webDriver.LMS_LOGIN" time="68.502" errors="0" timestamp="2023-11-07T23:46:20 ICT" skipped="0">
  <testcase classname="webDriver.LMS_LOGIN" name="testLoginLMS2" time="8.575"/>
  <testcase classname="webDriver.LMS_LOGIN" name="testLoginLMS1" time="7.138"/>
  <testcase classname="webDriver.LMS_LOGIN" name="testLoginLMS3" time="7.530"/>
  <testcase classname="webDriver.LMS_LOGIN" name="testLoginLMS4" time="9.340"/>
  <testcase classname="webDriver.LMS_LOGIN" name="testLoginLMS5" time="10.802"/>
  <testcase classname="webDriver.LMS_LOGIN" name="testLoginLMS8" time="7.215"/>
  <testcase classname="webDriver.LMS_LOGIN" name="testLoginLMS6" time="7.407"/>
  <testcase classname="webDriver.LMS_LOGIN" name="testLoginLMS7" time="10.495"/>
</testsuite> <!-- webDriver.LMS_LOGIN -->
