<?xml version="1.0" encoding="UTF-8"?>
<!-- Generated by org.testng.reporters.JUnitReportReporter -->
<testsuite hostname="DESKTOP-DKAF2J0" failures="0" tests="8" name="webDriver.Test_WebDriver" time="56.947" errors="0" timestamp="2023-11-05T15:07:17 ICT" skipped="0">
  <testcase classname="webDriver.Test_WebDriver" name="testLoginLMS2" time="7.025"/>
  <testcase classname="webDriver.Test_WebDriver" name="testLoginLMS1" time="7.879"/>
  <testcase classname="webDriver.Test_WebDriver" name="testLoginLMS3" time="7.016"/>
  <testcase classname="webDriver.Test_WebDriver" name="testLoginLMS4" time="6.402"/>
  <testcase classname="webDriver.Test_WebDriver" name="testLoginLMS5" time="6.764"/>
  <testcase classname="webDriver.Test_WebDriver" name="testLoginLMS8" time="6.833"/>
  <testcase classname="webDriver.Test_WebDriver" name="testLoginLMS6" time="7.254"/>
  <testcase classname="webDriver.Test_WebDriver" name="testLoginLMS7" time="7.774"/>
</testsuite> <!-- webDriver.Test_WebDriver -->
