<?xml version="1.0" encoding="UTF-8"?>
<!-- Generated by org.testng.reporters.JUnitReportReporter -->
<testsuite hostname="DESKTOP-DKAF2J0" failures="0" tests="4" name="demoTestNg.demo_fucntion_max" time="0.023" errors="0" timestamp="2023-11-05T15:17:36 ICT" skipped="0">
  <testcase classname="demoTestNg.demo_fucntion_max" name="testMax2" time="0.001"/>
  <testcase classname="demoTestNg.demo_fucntion_max" name="testMax1" time="0.020"/>
  <testcase classname="demoTestNg.demo_fucntion_max" name="testMax3" time="0.001"/>
  <testcase classname="demoTestNg.demo_fucntion_max" name="testMax4" time="0.001"/>
</testsuite> <!-- demoTestNg.demo_fucntion_max -->
