<?xml version="1.0" encoding="UTF-8"?>
<!-- Generated by org.testng.reporters.JUnitReportReporter -->
<testsuite hostname="DESKTOP-MK9ICF1" failures="0" tests="4" name="demoTestNg.TestDemo" time="0.008" errors="0" timestamp="2023-11-05T00:18:47 ICT" skipped="0">
  <testcase classname="demoTestNg.TestDemo" name="test3" time="0.000"/>
  <system-out/>
  <testcase classname="demoTestNg.TestDemo" name="testYear" time="0.000"/>
  <system-out/>
  <testcase classname="demoTestNg.TestDemo" name="test2" time="0.001"/>
  <system-out/>
  <testcase classname="demoTestNg.TestDemo" name="test1" time="0.007"/>
  <system-out/>
</testsuite> <!-- demoTestNg.TestDemo -->
